#
# A fatal error has been detected by the Java Runtime Environment:
#
#  EXCEPTION_ACCESS_VIOLATION (0xc0000005) at pc=0x00007ffecb1df01d, pid=7400, tid=4048
#
# JRE version: OpenJDK Runtime Environment (11.0.8+10) (build 11.0.8+10-b944.6842174)
# Java VM: OpenJDK 64-Bit Server VM (11.0.8+10-b944.6842174, mixed mode, tiered, compressed oops, g1 gc, windows-amd64)
# Problematic frame:
# V  [jvm.dll+0x2cf01d]
#
# No core dump will be written. Minidumps are not enabled by default on client versions of Windows
#
# If you would like to submit a bug report, please visit:
#   https://bugreport.java.com/bugreport/crash.jsp
#

---------------  S U M M A R Y ------------

Command Line: --add-opens=java.base/java.util=ALL-UNNAMED --add-opens=java.base/java.lang=ALL-UNNAMED --add-opens=java.base/java.lang.invoke=ALL-UNNAMED --add-opens=java.prefs/java.util.prefs=ALL-UNNAMED -Xmx2048m -Dfile.encoding=UTF-8 -Duser.country=RU -Duser.language=ru -Duser.variant org.gradle.launcher.daemon.bootstrap.GradleDaemon 6.7.1

Host: Intel(R) Core(TM)2 Duo CPU     E7500  @ 2.93GHz, 2 cores, 3G,  Windows 10 , 64 bit Build 19041 (10.0.19041.928)
Time: Thu Mar  3 17:09:53 2022 RTZ 2 (зима) elapsed time: 8536 seconds (0d 2h 22m 16s)

---------------  T H R E A D  ---------------

Current thread (0x000001b2b43f1800):  ConcurrentGCThread "G1 Conc#0" [stack: 0x0000009b3d100000,0x0000009b3d200000] [id=4048]

Stack: [0x0000009b3d100000,0x0000009b3d200000],  sp=0x0000009b3d1ff3a0,  free space=1020k
Native frames: (J=compiled Java code, j=interpreted, Vv=VM code, C=native code)
V  [jvm.dll+0x2cf01d]
V  [jvm.dll+0x2dd3ff]
V  [jvm.dll+0x2df23b]
V  [jvm.dll+0x2e0ddb]
V  [jvm.dll+0x2dfa29]
V  [jvm.dll+0x2e3d96]
V  [jvm.dll+0x7384e0]
V  [jvm.dll+0x6d3895]
V  [jvm.dll+0x5dd4a6]
C  [ucrtbase.dll+0x21bb2]
C  [KERNEL32.DLL+0x17034]
C  [ntdll.dll+0x52651]


siginfo: EXCEPTION_ACCESS_VIOLATION (0xc0000005), reading address 0xffffffffffffffff


Register to memory mapping:

RIP=0x00007ffecb1df01d jvm.dll
RAX=0x00007ffecb891200 jvm.dll
RBX=0x0000000000000003 is an unknown value
RCX=0x0000009b3d1ff4f8 points into unknown readable memory: 60 e1 71 cb fe 7f 00 00
RDX=0x0000000084ac1c40 is an oop: 
[error occurred during error reporting (printing register info), id 0xc0000005, EXCEPTION_ACCESS_VIOLATION (0xc0000005) at pc=0x000001b2ce178718]

Registers:
RAX=0x00007ffecb891200, RBX=0x0000000000000003, RCX=0x0000009b3d1ff4f8, RDX=0x0000000084ac1c40
RSP=0x0000009b3d1ff3a0, RBP=0x0000009b3d1ff4f8, RSI=0x0000000084ac1c40, RDI=0x0000000100002820
R8 =0x0000000100002820, R9 =0x00000000000001b2, R10=0x0000000000025800, R11=0x000001b2c9d30000
R12=0x000000000000000c, R13=0xaaaaaaaaaaaaaaab, R14=0x000001b2b43f3201, R15=0x0000009b3d1ff4d0
RIP=0x00007ffecb1df01d, EFLAGS=0x0000000000010206

Top of Stack: (sp=0x0000009b3d1ff3a0)
0x0000009b3d1ff3a0:   0000000000000003 0000009b3d1ff4f8
0x0000009b3d1ff3b0:   0000000084ac1c28 0000000000000000
0x0000009b3d1ff3c0:   0000000084ac1c40 00007ffecb1ed3ff
0x0000009b3d1ff3d0:   000001b2b43f6710 0000000000960000
0x0000009b3d1ff3e0:   0000009b3d1ff4d0 0000000000000000
0x0000009b3d1ff3f0:   0000000084ac1c40 00007ffecb1ef23b
0x0000009b3d1ff400:   0000000000958388 0000009b3d1ff4d0
0x0000009b3d1ff410:   00000000829ea208 0000000000958385
0x0000009b3d1ff420:   000001b2b43e77e0 00007ffecb1f0ddb
0x0000009b3d1ff430:   0000000084ac1c40 0000000000958385
0x0000009b3d1ff440:   0000000084ac1c40 00000000000bebc2
0x0000009b3d1ff450:   0000000000000000 000001b2b43f3201
0x0000009b3d1ff460:   0000000000000001 00007ffecb1efa29
0x0000009b3d1ff470:   0000000000000555 0000009b3d1ff549
0x0000009b3d1ff480:   0000000000000000 000001b2b43f6710
0x0000009b3d1ff490:   0000000084a00000 0000000000020000 

Instructions: (pc=0x00007ffecb1df01d)
0x00007ffecb1def1d:   23 6b 00 48 ff e0 cc cc cc cc cc cc cc cc cc cc
0x00007ffecb1def2d:   cc cc cc 48 83 ec 38 80 3d b3 63 71 00 00 4c 8b
0x00007ffecb1def3d:   d2 48 8b d1 74 3a 80 3d a5 63 71 00 00 74 15 8b
0x00007ffecb1def4d:   41 08 8b 0d 43 db 6c 00 48 d3 e0 48 03 05 31 db
0x00007ffecb1def5d:   6c 00 eb 04 48 8b 41 08 44 89 4c 24 20 48 8b c8
0x00007ffecb1def6d:   45 8b c8 4d 8b c2 e8 e8 20 00 00 48 83 c4 38 c3
0x00007ffecb1def7d:   80 3d 6b 63 71 00 00 74 15 8b 41 08 8b 0d 09 db
0x00007ffecb1def8d:   6c 00 48 d3 e0 48 03 05 f7 da 6c 00 eb 04 48 8b
0x00007ffecb1def9d:   41 08 44 89 4c 24 20 48 8b c8 45 8b c8 4d 8b c2
0x00007ffecb1defad:   e8 be 21 00 00 48 83 c4 38 c3 cc cc cc cc cc cc
0x00007ffecb1defbd:   cc cc cc 48 89 5c 24 08 48 89 6c 24 10 48 89 74
0x00007ffecb1defcd:   24 18 57 48 83 ec 20 80 3d 14 63 71 00 00 48 8b
0x00007ffecb1defdd:   ea 48 8b f1 74 15 8b 79 08 8b 0d ac da 6c 00 48
0x00007ffecb1defed:   d3 e7 48 03 3d 9a da 6c 00 eb 04 48 8b 79 08 48
0x00007ffecb1deffd:   8b d7 48 8b ce e8 19 98 eb ff 4c 63 4f 0c 8b d8
0x00007ffecb1df00d:   48 8d 05 ec 21 6b 00 4c 8b c7 48 8b d6 48 8b cd
0x00007ffecb1df01d:   42 ff 14 c8 48 8b 6c 24 38 8b c3 48 8b 5c 24 30
0x00007ffecb1df02d:   48 8b 74 24 40 48 83 c4 20 5f c3 cc cc cc cc cc
0x00007ffecb1df03d:   cc cc cc 48 89 5c 24 08 48 89 6c 24 10 48 89 74
0x00007ffecb1df04d:   24 18 57 41 56 41 57 48 83 ec 20 49 8b e8 4c 8b
0x00007ffecb1df05d:   f2 48 8b f9 48 8b d5 48 8b 89 98 00 00 00 45 33
0x00007ffecb1df06d:   c9 41 b0 01 e8 2a cc ef ff 48 63 9f c4 00 00 00
0x00007ffecb1df07d:   48 8b cf e8 bb 60 1f 00 4c 8d 14 d8 48 63 87 34
0x00007ffecb1df08d:   01 00 00 49 8d 34 c2 8b 87 30 01 00 00 4c 8d 3c
0x00007ffecb1df09d:   c6 49 3b f7 73 6c 0f 1f 40 00 66 0f 1f 84 00 00
0x00007ffecb1df0ad:   00 00 00 48 63 1e 8b 46 04 49 03 de 48 8d 3c 83
0x00007ffecb1df0bd:   48 3b df 73 44 0f 1f 40 00 66 66 0f 1f 84 00 00
0x00007ffecb1df0cd:   00 00 00 48 8b 45 18 48 ff 80 c0 00 00 00 8b 0b
0x00007ffecb1df0dd:   85 c9 74 1c 8b d1 8b 0d 9f d9 6c 00 48 d3 e2 48
0x00007ffecb1df0ed:   03 15 8d d9 6c 00 74 08 48 8b c8 e8 23 87 00 00
0x00007ffecb1df0fd:   48 83 c3 04 48 3b df 72 ca 48 83 c6 08 49 3b f7
0x00007ffecb1df10d:   72 a1 49 8b ce e8 29 8d 0a 00 48 85 c0 74 11 45 


Stack slot to memory mapping:
stack at sp + 0 slots: 0x0000000000000003 is an unknown value
stack at sp + 1 slots: 0x0000009b3d1ff4f8 points into unknown readable memory: 60 e1 71 cb fe 7f 00 00
stack at sp + 2 slots: 0x0000000084ac1c28 is an oop: org.gradle.internal.hash.HashCode 
{0x0000000084ac1c28} - klass: 'org/gradle/internal/hash/HashCode'
stack at sp + 3 slots: 0x0 is NULL
stack at sp + 4 slots: 0x0000000084ac1c40 is an oop: 
[error occurred during error reporting (inspecting top of stack), id 0xc0000005, EXCEPTION_ACCESS_VIOLATION (0xc0000005) at pc=0x000001b2ce178718]


---------------  P R O C E S S  ---------------

Threads class SMR info:
_java_thread_list=0x000001b2d9c62d30, length=33, elements={
0x000001b2b43a5800, 0x000001b2ce0cc000, 0x000001b2ce0cd800, 0x000001b2ce0e9000,
0x000001b2ce0ea000, 0x000001b2ce0eb800, 0x000001b2ceab0000, 0x000001b2ce15a800,
0x000001b2ceba1800, 0x000001b2cebd6000, 0x000001b2cf9ff800, 0x000001b2d0592800,
0x000001b2d07ee800, 0x000001b2cf474800, 0x000001b2cf478000, 0x000001b2cf479000,
0x000001b2cf476800, 0x000001b2d0f52000, 0x000001b2d0f27800, 0x000001b2d2bc7800,
0x000001b2d2bcb000, 0x000001b2d0f50800, 0x000001b2d0f51000, 0x000001b2d0f4c800,
0x000001b2d0f53000, 0x000001b2d0f53800, 0x000001b2d0f4e000, 0x000001b2d0f4e800,
0x000001b2d0f54800, 0x000001b2d0f55000, 0x000001b2d0f4f800, 0x000001b2d0f57800,
0x000001b2d0f59800
}

Java Threads: ( => current thread )
  0x000001b2b43a5800 JavaThread "main" [_thread_blocked, id=6280, stack(0x0000009b3ce00000,0x0000009b3cf00000)]
  0x000001b2ce0cc000 JavaThread "Reference Handler" daemon [_thread_blocked, id=3160, stack(0x0000009b3d500000,0x0000009b3d600000)]
  0x000001b2ce0cd800 JavaThread "Finalizer" daemon [_thread_blocked, id=4348, stack(0x0000009b3d600000,0x0000009b3d700000)]
  0x000001b2ce0e9000 JavaThread "Signal Dispatcher" daemon [_thread_blocked, id=4652, stack(0x0000009b3d700000,0x0000009b3d800000)]
  0x000001b2ce0ea000 JavaThread "Attach Listener" daemon [_thread_blocked, id=2560, stack(0x0000009b3d800000,0x0000009b3d900000)]
  0x000001b2ce0eb800 JavaThread "C2 CompilerThread0" daemon [_thread_blocked, id=5204, stack(0x0000009b3d900000,0x0000009b3da00000)]
  0x000001b2ceab0000 JavaThread "C1 CompilerThread0" daemon [_thread_blocked, id=5160, stack(0x0000009b3da00000,0x0000009b3db00000)]
  0x000001b2ce15a800 JavaThread "Sweeper thread" daemon [_thread_blocked, id=7812, stack(0x0000009b3db00000,0x0000009b3dc00000)]
  0x000001b2ceba1800 JavaThread "Common-Cleaner" daemon [_thread_blocked, id=5156, stack(0x0000009b3dc00000,0x0000009b3dd00000)]
  0x000001b2cebd6000 JavaThread "Service Thread" daemon [_thread_blocked, id=4076, stack(0x0000009b3dd00000,0x0000009b3de00000)]
  0x000001b2cf9ff800 JavaThread "Daemon health stats" [_thread_blocked, id=7428, stack(0x0000009b3e100000,0x0000009b3e200000)]
  0x000001b2d0592800 JavaThread "Incoming local TCP Connector on port 59205" [_thread_in_native, id=7344, stack(0x0000009b3e400000,0x0000009b3e500000)]
  0x000001b2d07ee800 JavaThread "Daemon periodic checks" [_thread_blocked, id=1276, stack(0x0000009b3e700000,0x0000009b3e800000)]
  0x000001b2cf474800 JavaThread "Cache worker for file hash cache (E:\AndroidSDK\caches\6.7.1\fileHashes)" [_thread_blocked, id=1420, stack(0x0000009b3ed00000,0x0000009b3ee00000)]
  0x000001b2cf478000 JavaThread "File lock request listener" [_thread_in_native, id=7676, stack(0x0000009b3ee00000,0x0000009b3ef00000)]
  0x000001b2cf479000 JavaThread "Cache worker for journal cache (E:\AndroidSDK\caches\journal-1)" [_thread_blocked, id=7860, stack(0x0000009b3ef00000,0x0000009b3f000000)]
  0x000001b2cf476800 JavaThread "Cache worker for execution history cache (E:\AndroidSDK\caches\6.7.1\executionHistory)" [_thread_blocked, id=4776, stack(0x0000009b3f400000,0x0000009b3f500000)]
  0x000001b2d0f52000 JavaThread "Cache worker for file content cache (E:\AndroidSDK\caches\6.7.1\fileContent)" [_thread_blocked, id=7748, stack(0x0000009b3f600000,0x0000009b3f700000)]
  0x000001b2d0f27800 JavaThread "Memory manager" [_thread_blocked, id=2828, stack(0x0000009b45a00000,0x0000009b45b00000)]
  0x000001b2d2bc7800 JavaThread "Cache worker for Java compile cache (E:\AndroidSDK\caches\6.7.1\javaCompile)" [_thread_blocked, id=5436, stack(0x0000009b45900000,0x0000009b45a00000)]
  0x000001b2d2bcb000 JavaThread "ForkJoinPool.commonPool-worker-1" daemon [_thread_blocked, id=6100, stack(0x0000009b45f00000,0x0000009b46000000)]
  0x000001b2d0f50800 JavaThread "Daemon Thread 6" [_thread_blocked, id=2092, stack(0x0000009b3cb00000,0x0000009b3cc00000)]
  0x000001b2d0f51000 JavaThread "Handler for socket connection from /127.0.0.1:59205 to /127.0.0.1:64884" [_thread_in_native, id=1252, stack(0x0000009b3cc00000,0x0000009b3cd00000)]
  0x000001b2d0f4c800 JavaThread "Cancel handler" [_thread_blocked, id=1104, stack(0x0000009b3cd00000,0x0000009b3ce00000)]
  0x000001b2d0f53000 JavaThread "Daemon worker Thread 6" [_thread_in_native, id=1284, stack(0x0000009b3e200000,0x0000009b3e300000)]
  0x000001b2d0f53800 JavaThread "Asynchronous log dispatcher for DefaultDaemonConnection: socket connection from /127.0.0.1:59205 to /127.0.0.1:64884" [_thread_blocked, id=7252, stack(0x0000009b3e300000,0x0000009b3e400000)]
  0x000001b2d0f4e000 JavaThread "Stdin handler" [_thread_blocked, id=1124, stack(0x0000009b3e500000,0x0000009b3e600000)]
  0x000001b2d0f4e800 JavaThread "Thread-587" [_thread_blocked, id=4592, stack(0x0000009b3e600000,0x0000009b3e700000)]
  0x000001b2d0f54800 JavaThread "Cache worker for file hash cache (E:\AndroidStudioProjects\Willding\.gradle\6.7.1\fileHashes)" [_thread_blocked, id=7644, stack(0x0000009b3e800000,0x0000009b3e900000)]
  0x000001b2d0f55000 JavaThread "Cache worker for checksums cache (E:\AndroidStudioProjects\Willding\.gradle\checksums)" [_thread_blocked, id=4540, stack(0x0000009b3e900000,0x0000009b3ea00000)]
  0x000001b2d0f4f800 JavaThread "Cache worker for cache directory md-supplier (E:\AndroidSDK\caches\6.7.1\md-supplier)" [_thread_blocked, id=4536, stack(0x0000009b3ea00000,0x0000009b3eb00000)]
  0x000001b2d0f57800 JavaThread "Cache worker for cache directory md-rule (E:\AndroidSDK\caches\6.7.1\md-rule)" [_thread_blocked, id=2420, stack(0x0000009b3eb00000,0x0000009b3ec00000)]
  0x000001b2d0f59800 JavaThread "Cache worker for Build Output Cleanup Cache (E:\AndroidStudioProjects\Willding\.gradle\buildOutputCleanup)" [_thread_blocked, id=3396, stack(0x0000009b3ec00000,0x0000009b3ed00000)]

Other Threads:
  0x000001b2ce0c9000 VMThread "VM Thread" [stack: 0x0000009b3d400000,0x0000009b3d500000] [id=188]
  0x000001b2cebd7000 WatcherThread [stack: 0x0000009b3de00000,0x0000009b3df00000] [id=5996]
  0x000001b2b43bf000 GCTaskThread "GC Thread#0" [stack: 0x0000009b3cf00000,0x0000009b3d000000] [id=3844]
  0x000001b2ced80000 GCTaskThread "GC Thread#1" [stack: 0x0000009b3df00000,0x0000009b3e000000] [id=6284]
  0x000001b2b43f0800 ConcurrentGCThread "G1 Main Marker" [stack: 0x0000009b3d000000,0x0000009b3d100000] [id=6964]
=>0x000001b2b43f1800 ConcurrentGCThread "G1 Conc#0" [stack: 0x0000009b3d100000,0x0000009b3d200000] [id=4048]
  0x000001b2b4444800 ConcurrentGCThread "G1 Refine#0" [stack: 0x0000009b3d200000,0x0000009b3d300000] [id=4352]
  0x000001b2cf41c000 ConcurrentGCThread "G1 Refine#1" [stack: 0x0000009b3e000000,0x0000009b3e100000] [id=2416]
  0x000001b2b4445800 ConcurrentGCThread "G1 Young RemSet Sampling" [stack: 0x0000009b3d300000,0x0000009b3d400000] [id=3996]

Threads with active compile tasks:

VM state:not at safepoint (normal execution)

VM Mutex/Monitor currently owned by a thread: None

Heap address: 0x0000000080000000, size: 2048 MB, Compressed Oops mode: 32-bit
Narrow klass base: 0x0000000000000000, Narrow klass shift: 3
Compressed class space size: 1073741824 Address: 0x0000000100000000

Heap:
 garbage-first heap   total 199680K, used 110424K [0x0000000080000000, 0x0000000100000000)
  region size 1024K, 6 young (6144K), 1 survivors (1024K)
 Metaspace       used 130795K, capacity 134344K, committed 134780K, reserved 1167360K
  class space    used 16553K, capacity 17806K, committed 17920K, reserved 1048576K
Heap Regions: E=young(eden), S=young(survivor), O=old, HS=humongous(starts), HC=humongous(continues), CS=collection set, F=free, A=archive, TAMS=top-at-mark-start (previous, next)
|   0|0x0000000080000000, 0x0000000080100000, 0x0000000080100000|100%| O|  |TAMS 0x0000000080100000, 0x0000000080100000| Untracked 
|   1|0x0000000080100000, 0x0000000080200000, 0x0000000080200000|100%| O|  |TAMS 0x0000000080200000, 0x0000000080200000| Untracked 
|   2|0x0000000080200000, 0x0000000080300000, 0x0000000080300000|100%| O|  |TAMS 0x0000000080300000, 0x0000000080300000| Untracked 
|   3|0x0000000080300000, 0x0000000080400000, 0x0000000080400000|100%| O|  |TAMS 0x0000000080400000, 0x0000000080400000| Untracked 
|   4|0x0000000080400000, 0x0000000080500000, 0x0000000080500000|100%|HS|  |TAMS 0x0000000080500000, 0x0000000080500000| Complete 
|   5|0x0000000080500000, 0x0000000080600000, 0x0000000080600000|100%|HC|  |TAMS 0x0000000080600000, 0x0000000080600000| Complete 
|   6|0x0000000080600000, 0x0000000080700000, 0x0000000080700000|100%|HC|  |TAMS 0x0000000080700000, 0x0000000080700000| Complete 
|   7|0x0000000080700000, 0x0000000080800000, 0x0000000080800000|100%| O|  |TAMS 0x0000000080800000, 0x0000000080800000| Untracked 
|   8|0x0000000080800000, 0x0000000080900000, 0x0000000080900000|100%| O|  |TAMS 0x0000000080900000, 0x0000000080900000| Untracked 
|   9|0x0000000080900000, 0x0000000080a00000, 0x0000000080a00000|100%| O|  |TAMS 0x0000000080a00000, 0x0000000080a00000| Untracked 
|  10|0x0000000080a00000, 0x0000000080b00000, 0x0000000080b00000|100%| O|  |TAMS 0x0000000080b00000, 0x0000000080b00000| Untracked 
|  11|0x0000000080b00000, 0x0000000080c00000, 0x0000000080c00000|100%| O|  |TAMS 0x0000000080c00000, 0x0000000080c00000| Untracked 
|  12|0x0000000080c00000, 0x0000000080d00000, 0x0000000080d00000|100%| O|  |TAMS 0x0000000080d00000, 0x0000000080d00000| Untracked 
|  13|0x0000000080d00000, 0x0000000080e00000, 0x0000000080e00000|100%| O|  |TAMS 0x0000000080e00000, 0x0000000080e00000| Untracked 
|  14|0x0000000080e00000, 0x0000000080f00000, 0x0000000080f00000|100%| O|  |TAMS 0x0000000080f00000, 0x0000000080f00000| Untracked 
|  15|0x0000000080f00000, 0x0000000081000000, 0x0000000081000000|100%| O|  |TAMS 0x0000000081000000, 0x0000000081000000| Untracked 
|  16|0x0000000081000000, 0x0000000081100000, 0x0000000081100000|100%| O|  |TAMS 0x0000000081100000, 0x0000000081100000| Untracked 
|  17|0x0000000081100000, 0x0000000081200000, 0x0000000081200000|100%| O|  |TAMS 0x0000000081200000, 0x0000000081200000| Untracked 
|  18|0x0000000081200000, 0x0000000081300000, 0x0000000081300000|100%| O|  |TAMS 0x0000000081300000, 0x0000000081300000| Untracked 
|  19|0x0000000081300000, 0x0000000081400000, 0x0000000081400000|100%| O|  |TAMS 0x0000000081400000, 0x0000000081400000| Untracked 
|  20|0x0000000081400000, 0x0000000081500000, 0x0000000081500000|100%| O|  |TAMS 0x0000000081500000, 0x0000000081500000| Untracked 
|  21|0x0000000081500000, 0x0000000081600000, 0x0000000081600000|100%| O|  |TAMS 0x0000000081600000, 0x0000000081600000| Untracked 
|  22|0x0000000081600000, 0x0000000081700000, 0x0000000081700000|100%| O|  |TAMS 0x0000000081700000, 0x0000000081700000| Untracked 
|  23|0x0000000081700000, 0x0000000081800000, 0x0000000081800000|100%| O|  |TAMS 0x0000000081800000, 0x0000000081800000| Untracked 
|  24|0x0000000081800000, 0x0000000081900000, 0x0000000081900000|100%| O|  |TAMS 0x0000000081900000, 0x0000000081900000| Untracked 
|  25|0x0000000081900000, 0x0000000081a00000, 0x0000000081a00000|100%|HS|  |TAMS 0x0000000081a00000, 0x0000000081a00000| Complete 
|  26|0x0000000081a00000, 0x0000000081b00000, 0x0000000081b00000|100%|HS|  |TAMS 0x0000000081b00000, 0x0000000081b00000| Complete 
|  27|0x0000000081b00000, 0x0000000081c00000, 0x0000000081c00000|100%|HC|  |TAMS 0x0000000081c00000, 0x0000000081c00000| Complete 
|  28|0x0000000081c00000, 0x0000000081d00000, 0x0000000081d00000|100%| O|  |TAMS 0x0000000081d00000, 0x0000000081d00000| Untracked 
|  29|0x0000000081d00000, 0x0000000081e00000, 0x0000000081e00000|100%| O|  |TAMS 0x0000000081e00000, 0x0000000081e00000| Untracked 
|  30|0x0000000081e00000, 0x0000000081f00000, 0x0000000081f00000|100%| O|  |TAMS 0x0000000081f00000, 0x0000000081f00000| Untracked 
|  31|0x0000000081f00000, 0x0000000082000000, 0x0000000082000000|100%| O|  |TAMS 0x0000000082000000, 0x0000000082000000| Untracked 
|  32|0x0000000082000000, 0x0000000082100000, 0x0000000082100000|100%| O|  |TAMS 0x0000000082100000, 0x0000000082100000| Untracked 
|  33|0x0000000082100000, 0x0000000082200000, 0x0000000082200000|100%| O|  |TAMS 0x0000000082200000, 0x0000000082200000| Untracked 
|  34|0x0000000082200000, 0x0000000082300000, 0x0000000082300000|100%| O|  |TAMS 0x0000000082300000, 0x0000000082300000| Untracked 
|  35|0x0000000082300000, 0x0000000082400000, 0x0000000082400000|100%| O|  |TAMS 0x0000000082400000, 0x0000000082400000| Untracked 
|  36|0x0000000082400000, 0x0000000082500000, 0x0000000082500000|100%| O|  |TAMS 0x0000000082500000, 0x0000000082500000| Untracked 
|  37|0x0000000082500000, 0x0000000082600000, 0x0000000082600000|100%| O|  |TAMS 0x0000000082600000, 0x0000000082600000| Untracked 
|  38|0x0000000082600000, 0x0000000082700000, 0x0000000082700000|100%| O|  |TAMS 0x0000000082700000, 0x0000000082700000| Untracked 
|  39|0x0000000082700000, 0x0000000082800000, 0x0000000082800000|100%| O|  |TAMS 0x0000000082800000, 0x0000000082800000| Untracked 
|  40|0x0000000082800000, 0x0000000082900000, 0x0000000082900000|100%| O|  |TAMS 0x0000000082900000, 0x0000000082900000| Untracked 
|  41|0x0000000082900000, 0x0000000082a00000, 0x0000000082a00000|100%| O|  |TAMS 0x0000000082a00000, 0x0000000082a00000| Untracked 
|  42|0x0000000082a00000, 0x0000000082b00000, 0x0000000082b00000|100%| O|  |TAMS 0x0000000082b00000, 0x0000000082b00000| Untracked 
|  43|0x0000000082b00000, 0x0000000082c00000, 0x0000000082c00000|100%| O|  |TAMS 0x0000000082c00000, 0x0000000082c00000| Untracked 
|  44|0x0000000082c00000, 0x0000000082d00000, 0x0000000082d00000|100%| O|  |TAMS 0x0000000082d00000, 0x0000000082d00000| Untracked 
|  45|0x0000000082d00000, 0x0000000082e00000, 0x0000000082e00000|100%|HS|  |TAMS 0x0000000082e00000, 0x0000000082e00000| Complete 
|  46|0x0000000082e00000, 0x0000000082f00000, 0x0000000082f00000|100%|HC|  |TAMS 0x0000000082f00000, 0x0000000082f00000| Complete 
|  47|0x0000000082f00000, 0x0000000083000000, 0x0000000083000000|100%| O|  |TAMS 0x0000000083000000, 0x0000000083000000| Untracked 
|  48|0x0000000083000000, 0x0000000083100000, 0x0000000083100000|100%| O|  |TAMS 0x0000000083100000, 0x0000000083100000| Untracked 
|  49|0x0000000083100000, 0x0000000083200000, 0x0000000083200000|100%| O|  |TAMS 0x0000000083200000, 0x0000000083200000| Untracked 
|  50|0x0000000083200000, 0x0000000083300000, 0x0000000083300000|100%| O|  |TAMS 0x0000000083300000, 0x0000000083300000| Untracked 
|  51|0x0000000083300000, 0x0000000083400000, 0x0000000083400000|100%| O|  |TAMS 0x0000000083400000, 0x0000000083400000| Untracked 
|  52|0x0000000083400000, 0x0000000083500000, 0x0000000083500000|100%| O|  |TAMS 0x0000000083500000, 0x0000000083500000| Untracked 
|  53|0x0000000083500000, 0x0000000083600000, 0x0000000083600000|100%| O|  |TAMS 0x0000000083600000, 0x0000000083600000| Untracked 
|  54|0x0000000083600000, 0x0000000083700000, 0x0000000083700000|100%| O|  |TAMS 0x0000000083700000, 0x0000000083700000| Untracked 
|  55|0x0000000083700000, 0x0000000083800000, 0x0000000083800000|100%| O|  |TAMS 0x0000000083800000, 0x0000000083800000| Untracked 
|  56|0x0000000083800000, 0x0000000083900000, 0x0000000083900000|100%| O|  |TAMS 0x0000000083900000, 0x0000000083900000| Untracked 
|  57|0x0000000083900000, 0x0000000083a00000, 0x0000000083a00000|100%| O|  |TAMS 0x0000000083a00000, 0x0000000083a00000| Untracked 
|  58|0x0000000083a00000, 0x0000000083b00000, 0x0000000083b00000|100%| O|  |TAMS 0x0000000083b00000, 0x0000000083b00000| Untracked 
|  59|0x0000000083b00000, 0x0000000083c00000, 0x0000000083c00000|100%| O|  |TAMS 0x0000000083c00000, 0x0000000083c00000| Untracked 
|  60|0x0000000083c00000, 0x0000000083d00000, 0x0000000083d00000|100%| O|  |TAMS 0x0000000083d00000, 0x0000000083d00000| Untracked 
|  61|0x0000000083d00000, 0x0000000083e00000, 0x0000000083e00000|100%| O|  |TAMS 0x0000000083e00000, 0x0000000083e00000| Untracked 
|  62|0x0000000083e00000, 0x0000000083f00000, 0x0000000083f00000|100%| O|  |TAMS 0x0000000083f00000, 0x0000000083f00000| Untracked 
|  63|0x0000000083f00000, 0x0000000084000000, 0x0000000084000000|100%|HS|  |TAMS 0x0000000084000000, 0x0000000084000000| Complete 
|  64|0x0000000084000000, 0x0000000084100000, 0x0000000084100000|100%|HC|  |TAMS 0x0000000084100000, 0x0000000084100000| Complete 
|  65|0x0000000084100000, 0x0000000084200000, 0x0000000084200000|100%|HC|  |TAMS 0x0000000084200000, 0x0000000084200000| Complete 
|  66|0x0000000084200000, 0x0000000084300000, 0x0000000084300000|100%| O|  |TAMS 0x0000000084300000, 0x0000000084300000| Untracked 
|  67|0x0000000084300000, 0x0000000084400000, 0x0000000084400000|100%| O|  |TAMS 0x0000000084400000, 0x0000000084400000| Untracked 
|  68|0x0000000084400000, 0x0000000084500000, 0x0000000084500000|100%| O|  |TAMS 0x0000000084500000, 0x0000000084500000| Untracked 
|  69|0x0000000084500000, 0x0000000084600000, 0x0000000084600000|100%| O|  |TAMS 0x0000000084600000, 0x0000000084600000| Untracked 
|  70|0x0000000084600000, 0x0000000084700000, 0x0000000084700000|100%| O|  |TAMS 0x0000000084700000, 0x0000000084700000| Untracked 
|  71|0x0000000084700000, 0x0000000084800000, 0x0000000084800000|100%| O|  |TAMS 0x0000000084800000, 0x0000000084800000| Untracked 
|  72|0x0000000084800000, 0x0000000084900000, 0x0000000084900000|100%| O|  |TAMS 0x0000000084900000, 0x0000000084900000| Untracked 
|  73|0x0000000084900000, 0x0000000084a00000, 0x0000000084a00000|100%| O|  |TAMS 0x0000000084a00000, 0x0000000084a00000| Untracked 
|  74|0x0000000084a00000, 0x0000000084b00000, 0x0000000084b00000|100%| O|  |TAMS 0x0000000084b00000, 0x0000000084b00000| Untracked 
|  75|0x0000000084b00000, 0x0000000084c00000, 0x0000000084c00000|100%|HS|  |TAMS 0x0000000084c00000, 0x0000000084c00000| Complete 
|  76|0x0000000084c00000, 0x0000000084d00000, 0x0000000084d00000|100%|HC|  |TAMS 0x0000000084d00000, 0x0000000084d00000| Complete 
|  77|0x0000000084d00000, 0x0000000084e00000, 0x0000000084e00000|100%|HC|  |TAMS 0x0000000084e00000, 0x0000000084e00000| Complete 
|  78|0x0000000084e00000, 0x0000000084f00000, 0x0000000084f00000|100%|HC|  |TAMS 0x0000000084f00000, 0x0000000084f00000| Complete 
|  79|0x0000000084f00000, 0x0000000084f00000, 0x0000000085000000|  0%| F|  |TAMS 0x0000000084f00000, 0x0000000084f00000| Untracked 
|  80|0x0000000085000000, 0x0000000085100000, 0x0000000085100000|100%| O|  |TAMS 0x0000000085100000, 0x0000000085100000| Untracked 
|  81|0x0000000085100000, 0x0000000085200000, 0x0000000085200000|100%| O|  |TAMS 0x0000000085200000, 0x0000000085200000| Untracked 
|  82|0x0000000085200000, 0x0000000085300000, 0x0000000085300000|100%|HS|  |TAMS 0x0000000085300000, 0x0000000085300000| Complete 
|  83|0x0000000085300000, 0x0000000085400000, 0x0000000085400000|100%|HC|  |TAMS 0x0000000085400000, 0x0000000085400000| Complete 
|  84|0x0000000085400000, 0x0000000085500000, 0x0000000085500000|100%|HC|  |TAMS 0x0000000085500000, 0x0000000085500000| Complete 
|  85|0x0000000085500000, 0x0000000085600000, 0x0000000085600000|100%|HC|  |TAMS 0x0000000085600000, 0x0000000085600000| Complete 
|  86|0x0000000085600000, 0x0000000085700000, 0x0000000085700000|100%|HS|  |TAMS 0x0000000085700000, 0x0000000085700000| Complete 
|  87|0x0000000085700000, 0x0000000085800000, 0x0000000085800000|100%|HC|  |TAMS 0x0000000085800000, 0x0000000085800000| Complete 
|  88|0x0000000085800000, 0x0000000085900000, 0x0000000085900000|100%|HC|  |TAMS 0x0000000085900000, 0x0000000085900000| Complete 
|  89|0x0000000085900000, 0x0000000085a00000, 0x0000000085a00000|100%| O|  |TAMS 0x0000000085a00000, 0x0000000085a00000| Untracked 
|  90|0x0000000085a00000, 0x0000000085b00000, 0x0000000085b00000|100%| O|  |TAMS 0x0000000085b00000, 0x0000000085b00000| Untracked 
|  91|0x0000000085b00000, 0x0000000085c00000, 0x0000000085c00000|100%| O|  |TAMS 0x0000000085c00000, 0x0000000085c00000| Untracked 
|  92|0x0000000085c00000, 0x0000000085d00000, 0x0000000085d00000|100%| O|  |TAMS 0x0000000085d00000, 0x0000000085d00000| Untracked 
|  93|0x0000000085d00000, 0x0000000085e00000, 0x0000000085e00000|100%| O|  |TAMS 0x0000000085e00000, 0x0000000085e00000| Untracked 
|  94|0x0000000085e00000, 0x0000000085f00000, 0x0000000085f00000|100%| O|  |TAMS 0x0000000085f00000, 0x0000000085f00000| Untracked 
|  95|0x0000000085f00000, 0x0000000086000000, 0x0000000086000000|100%| O|  |TAMS 0x0000000086000000, 0x0000000086000000| Untracked 
|  96|0x0000000086000000, 0x0000000086100000, 0x0000000086100000|100%| O|  |TAMS 0x0000000086100000, 0x0000000086100000| Untracked 
|  97|0x0000000086100000, 0x0000000086200000, 0x0000000086200000|100%| O|  |TAMS 0x0000000086200000, 0x0000000086200000| Untracked 
|  98|0x0000000086200000, 0x0000000086200000, 0x0000000086300000|  0%| F|  |TAMS 0x0000000086200000, 0x0000000086200000| Untracked 
|  99|0x0000000086300000, 0x0000000086300000, 0x0000000086400000|  0%| F|  |TAMS 0x0000000086300000, 0x0000000086300000| Untracked 
| 100|0x0000000086400000, 0x0000000086500000, 0x0000000086500000|100%| O|  |TAMS 0x0000000086500000, 0x0000000086500000| Untracked 
| 101|0x0000000086500000, 0x0000000086600000, 0x0000000086600000|100%| O|  |TAMS 0x0000000086600000, 0x0000000086600000| Untracked 
| 102|0x0000000086600000, 0x0000000086700000, 0x0000000086700000|100%| O|  |TAMS 0x000000008663ee00, 0x0000000086700000| Untracked 
| 103|0x0000000086700000, 0x0000000086800000, 0x0000000086800000|100%| O|  |TAMS 0x0000000086700000, 0x0000000086800000| Untracked 
| 104|0x0000000086800000, 0x0000000086900000, 0x0000000086900000|100%| O|  |TAMS 0x0000000086800000, 0x0000000086900000| Untracked 
| 105|0x0000000086900000, 0x0000000086a00000, 0x0000000086a00000|100%| O|  |TAMS 0x0000000086900000, 0x0000000086a00000| Untracked 
| 106|0x0000000086a00000, 0x0000000086ab9e00, 0x0000000086b00000| 72%| O|  |TAMS 0x0000000086a00000, 0x0000000086ab9e00| Untracked 
| 107|0x0000000086b00000, 0x0000000086b00000, 0x0000000086c00000|  0%| F|  |TAMS 0x0000000086b00000, 0x0000000086b00000| Untracked 
| 108|0x0000000086c00000, 0x0000000086c00000, 0x0000000086d00000|  0%| F|  |TAMS 0x0000000086c00000, 0x0000000086c00000| Untracked 
| 109|0x0000000086d00000, 0x0000000086d00000, 0x0000000086e00000|  0%| F|  |TAMS 0x0000000086d00000, 0x0000000086d00000| Untracked 
| 110|0x0000000086e00000, 0x0000000086e00000, 0x0000000086f00000|  0%| F|  |TAMS 0x0000000086e00000, 0x0000000086e00000| Untracked 
| 111|0x0000000086f00000, 0x0000000086f00000, 0x0000000087000000|  0%| F|  |TAMS 0x0000000086f00000, 0x0000000086f00000| Untracked 
| 112|0x0000000087000000, 0x0000000087000000, 0x0000000087100000|  0%| F|  |TAMS 0x0000000087000000, 0x0000000087000000| Untracked 
| 113|0x0000000087100000, 0x0000000087100000, 0x0000000087200000|  0%| F|  |TAMS 0x0000000087100000, 0x0000000087100000| Untracked 
| 114|0x0000000087200000, 0x0000000087200000, 0x0000000087300000|  0%| F|  |TAMS 0x0000000087200000, 0x0000000087200000| Untracked 
| 115|0x0000000087300000, 0x0000000087300000, 0x0000000087400000|  0%| F|  |TAMS 0x0000000087300000, 0x0000000087300000| Untracked 
| 116|0x0000000087400000, 0x0000000087400000, 0x0000000087500000|  0%| F|  |TAMS 0x0000000087400000, 0x0000000087400000| Untracked 
| 117|0x0000000087500000, 0x0000000087500000, 0x0000000087600000|  0%| F|  |TAMS 0x0000000087500000, 0x0000000087500000| Untracked 
| 118|0x0000000087600000, 0x0000000087600000, 0x0000000087700000|  0%| F|  |TAMS 0x0000000087600000, 0x0000000087600000| Untracked 
| 119|0x0000000087700000, 0x0000000087700000, 0x0000000087800000|  0%| F|  |TAMS 0x0000000087700000, 0x0000000087700000| Untracked 
| 120|0x0000000087800000, 0x0000000087800000, 0x0000000087900000|  0%| F|  |TAMS 0x0000000087800000, 0x0000000087800000| Untracked 
| 121|0x0000000087900000, 0x0000000087900000, 0x0000000087a00000|  0%| F|  |TAMS 0x0000000087900000, 0x0000000087900000| Untracked 
| 122|0x0000000087a00000, 0x0000000087a00000, 0x0000000087b00000|  0%| F|  |TAMS 0x0000000087a00000, 0x0000000087a00000| Untracked 
| 123|0x0000000087b00000, 0x0000000087b00000, 0x0000000087c00000|  0%| F|  |TAMS 0x0000000087b00000, 0x0000000087b00000| Untracked 
| 124|0x0000000087c00000, 0x0000000087c00000, 0x0000000087d00000|  0%| F|  |TAMS 0x0000000087c00000, 0x0000000087c00000| Untracked 
| 125|0x0000000087d00000, 0x0000000087d00000, 0x0000000087e00000|  0%| F|  |TAMS 0x0000000087d00000, 0x0000000087d00000| Untracked 
| 126|0x0000000087e00000, 0x0000000087e00000, 0x0000000087f00000|  0%| F|  |TAMS 0x0000000087e00000, 0x0000000087e00000| Untracked 
| 127|0x0000000087f00000, 0x0000000087f00000, 0x0000000088000000|  0%| F|  |TAMS 0x0000000087f00000, 0x0000000087f00000| Untracked 
| 128|0x0000000088000000, 0x0000000088000000, 0x0000000088100000|  0%| F|  |TAMS 0x0000000088000000, 0x0000000088000000| Untracked 
| 129|0x0000000088100000, 0x0000000088100000, 0x0000000088200000|  0%| F|  |TAMS 0x0000000088100000, 0x0000000088100000| Untracked 
| 130|0x0000000088200000, 0x0000000088200000, 0x0000000088300000|  0%| F|  |TAMS 0x0000000088200000, 0x0000000088200000| Untracked 
| 131|0x0000000088300000, 0x0000000088300000, 0x0000000088400000|  0%| F|  |TAMS 0x0000000088300000, 0x0000000088300000| Untracked 
| 132|0x0000000088400000, 0x0000000088400000, 0x0000000088500000|  0%| F|  |TAMS 0x0000000088400000, 0x0000000088400000| Untracked 
| 133|0x0000000088500000, 0x0000000088500000, 0x0000000088600000|  0%| F|  |TAMS 0x0000000088500000, 0x0000000088500000| Untracked 
| 134|0x0000000088600000, 0x0000000088600000, 0x0000000088700000|  0%| F|  |TAMS 0x0000000088600000, 0x0000000088600000| Untracked 
| 135|0x0000000088700000, 0x0000000088700000, 0x0000000088800000|  0%| F|  |TAMS 0x0000000088700000, 0x0000000088700000| Untracked 
| 136|0x0000000088800000, 0x0000000088800000, 0x0000000088900000|  0%| F|  |TAMS 0x0000000088800000, 0x0000000088800000| Untracked 
| 137|0x0000000088900000, 0x0000000088900000, 0x0000000088a00000|  0%| F|  |TAMS 0x0000000088900000, 0x0000000088900000| Untracked 
| 138|0x0000000088a00000, 0x0000000088a00000, 0x0000000088b00000|  0%| F|  |TAMS 0x0000000088a00000, 0x0000000088a00000| Untracked 
| 139|0x0000000088b00000, 0x0000000088b00000, 0x0000000088c00000|  0%| F|  |TAMS 0x0000000088b00000, 0x0000000088b00000| Untracked 
| 140|0x0000000088c00000, 0x0000000088c00000, 0x0000000088d00000|  0%| F|  |TAMS 0x0000000088c00000, 0x0000000088c00000| Untracked 
| 141|0x0000000088d00000, 0x0000000088d00000, 0x0000000088e00000|  0%| F|  |TAMS 0x0000000088d00000, 0x0000000088d00000| Untracked 
| 142|0x0000000088e00000, 0x0000000088e00000, 0x0000000088f00000|  0%| F|  |TAMS 0x0000000088e00000, 0x0000000088e00000| Untracked 
| 143|0x0000000088f00000, 0x0000000088f00000, 0x0000000089000000|  0%| F|  |TAMS 0x0000000088f00000, 0x0000000088f00000| Untracked 
| 144|0x0000000089000000, 0x0000000089000000, 0x0000000089100000|  0%| F|  |TAMS 0x0000000089000000, 0x0000000089000000| Untracked 
| 145|0x0000000089100000, 0x0000000089100000, 0x0000000089200000|  0%| F|  |TAMS 0x0000000089100000, 0x0000000089100000| Untracked 
| 146|0x0000000089200000, 0x0000000089200000, 0x0000000089300000|  0%| F|  |TAMS 0x0000000089200000, 0x0000000089200000| Untracked 
| 147|0x0000000089300000, 0x0000000089300000, 0x0000000089400000|  0%| F|  |TAMS 0x0000000089300000, 0x0000000089300000| Untracked 
| 148|0x0000000089400000, 0x0000000089400000, 0x0000000089500000|  0%| F|  |TAMS 0x0000000089400000, 0x0000000089400000| Untracked 
| 149|0x0000000089500000, 0x0000000089500000, 0x0000000089600000|  0%| F|  |TAMS 0x0000000089500000, 0x0000000089500000| Untracked 
| 150|0x0000000089600000, 0x0000000089600000, 0x0000000089700000|  0%| F|  |TAMS 0x0000000089600000, 0x0000000089600000| Untracked 
| 151|0x0000000089700000, 0x0000000089700000, 0x0000000089800000|  0%| F|  |TAMS 0x0000000089700000, 0x0000000089700000| Untracked 
| 152|0x0000000089800000, 0x0000000089800000, 0x0000000089900000|  0%| F|  |TAMS 0x0000000089800000, 0x0000000089800000| Untracked 
| 153|0x0000000089900000, 0x0000000089900000, 0x0000000089a00000|  0%| F|  |TAMS 0x0000000089900000, 0x0000000089900000| Untracked 
| 154|0x0000000089a00000, 0x0000000089a00000, 0x0000000089b00000|  0%| F|  |TAMS 0x0000000089a00000, 0x0000000089a00000| Untracked 
| 155|0x0000000089b00000, 0x0000000089b00000, 0x0000000089c00000|  0%| F|  |TAMS 0x0000000089b00000, 0x0000000089b00000| Untracked 
| 156|0x0000000089c00000, 0x0000000089c00000, 0x0000000089d00000|  0%| F|  |TAMS 0x0000000089c00000, 0x0000000089c00000| Untracked 
| 157|0x0000000089d00000, 0x0000000089d00000, 0x0000000089e00000|  0%| F|  |TAMS 0x0000000089d00000, 0x0000000089d00000| Untracked 
| 158|0x0000000089e00000, 0x0000000089e00000, 0x0000000089f00000|  0%| F|  |TAMS 0x0000000089e00000, 0x0000000089e00000| Untracked 
| 159|0x0000000089f00000, 0x0000000089f00000, 0x000000008a000000|  0%| F|  |TAMS 0x0000000089f00000, 0x0000000089f00000| Untracked 
| 160|0x000000008a000000, 0x000000008a000000, 0x000000008a100000|  0%| F|  |TAMS 0x000000008a000000, 0x000000008a000000| Untracked 
| 161|0x000000008a100000, 0x000000008a100000, 0x000000008a200000|  0%| F|  |TAMS 0x000000008a100000, 0x000000008a100000| Untracked 
| 162|0x000000008a200000, 0x000000008a200000, 0x000000008a300000|  0%| F|  |TAMS 0x000000008a200000, 0x000000008a200000| Untracked 
| 163|0x000000008a300000, 0x000000008a300000, 0x000000008a400000|  0%| F|  |TAMS 0x000000008a300000, 0x000000008a300000| Untracked 
| 164|0x000000008a400000, 0x000000008a400000, 0x000000008a500000|  0%| F|  |TAMS 0x000000008a400000, 0x000000008a400000| Untracked 
| 165|0x000000008a500000, 0x000000008a500000, 0x000000008a600000|  0%| F|  |TAMS 0x000000008a500000, 0x000000008a500000| Untracked 
| 166|0x000000008a600000, 0x000000008a600000, 0x000000008a700000|  0%| F|  |TAMS 0x000000008a600000, 0x000000008a600000| Untracked 
| 167|0x000000008a700000, 0x000000008a700000, 0x000000008a800000|  0%| F|  |TAMS 0x000000008a700000, 0x000000008a700000| Untracked 
| 168|0x000000008a800000, 0x000000008a800000, 0x000000008a900000|  0%| F|  |TAMS 0x000000008a800000, 0x000000008a800000| Untracked 
| 169|0x000000008a900000, 0x000000008a900000, 0x000000008aa00000|  0%| F|  |TAMS 0x000000008a900000, 0x000000008a900000| Untracked 
| 170|0x000000008aa00000, 0x000000008aa00000, 0x000000008ab00000|  0%| F|  |TAMS 0x000000008aa00000, 0x000000008aa00000| Untracked 
| 171|0x000000008ab00000, 0x000000008ab00000, 0x000000008ac00000|  0%| F|  |TAMS 0x000000008ab00000, 0x000000008ab00000| Untracked 
| 172|0x000000008ac00000, 0x000000008ac00000, 0x000000008ad00000|  0%| F|  |TAMS 0x000000008ac00000, 0x000000008ac00000| Untracked 
| 173|0x000000008ad00000, 0x000000008ad00000, 0x000000008ae00000|  0%| F|  |TAMS 0x000000008ad00000, 0x000000008ad00000| Untracked 
| 174|0x000000008ae00000, 0x000000008ae00000, 0x000000008af00000|  0%| F|  |TAMS 0x000000008ae00000, 0x000000008ae00000| Untracked 
| 175|0x000000008af00000, 0x000000008af00000, 0x000000008b000000|  0%| F|  |TAMS 0x000000008af00000, 0x000000008af00000| Untracked 
| 176|0x000000008b000000, 0x000000008b000000, 0x000000008b100000|  0%| F|  |TAMS 0x000000008b000000, 0x000000008b000000| Untracked 
| 177|0x000000008b100000, 0x000000008b100000, 0x000000008b200000|  0%| F|  |TAMS 0x000000008b100000, 0x000000008b100000| Untracked 
| 178|0x000000008b200000, 0x000000008b200000, 0x000000008b300000|  0%| F|  |TAMS 0x000000008b200000, 0x000000008b200000| Untracked 
| 179|0x000000008b300000, 0x000000008b300000, 0x000000008b400000|  0%| F|  |TAMS 0x000000008b300000, 0x000000008b300000| Untracked 
| 180|0x000000008b400000, 0x000000008b400000, 0x000000008b500000|  0%| F|  |TAMS 0x000000008b400000, 0x000000008b400000| Untracked 
| 181|0x000000008b500000, 0x000000008b500000, 0x000000008b600000|  0%| F|  |TAMS 0x000000008b500000, 0x000000008b500000| Untracked 
| 182|0x000000008b600000, 0x000000008b600000, 0x000000008b700000|  0%| F|  |TAMS 0x000000008b600000, 0x000000008b600000| Untracked 
| 183|0x000000008b700000, 0x000000008b700000, 0x000000008b800000|  0%| F|  |TAMS 0x000000008b700000, 0x000000008b700000| Untracked 
| 184|0x000000008b800000, 0x000000008b800000, 0x000000008b900000|  0%| F|  |TAMS 0x000000008b800000, 0x000000008b800000| Untracked 
| 185|0x000000008b900000, 0x000000008b900000, 0x000000008ba00000|  0%| F|  |TAMS 0x000000008b900000, 0x000000008b900000| Untracked 
| 186|0x000000008ba00000, 0x000000008ba1c5d8, 0x000000008bb00000| 11%| S|CS|TAMS 0x000000008ba00000, 0x000000008ba00000| Complete 
| 187|0x000000008bb00000, 0x000000008bb00000, 0x000000008bc00000|  0%| F|  |TAMS 0x000000008bb00000, 0x000000008bb00000| Untracked 
| 188|0x000000008bc00000, 0x000000008bc00000, 0x000000008bd00000|  0%| F|  |TAMS 0x000000008bc00000, 0x000000008bc00000| Untracked 
| 189|0x000000008bd00000, 0x000000008bd14180, 0x000000008be00000|  7%| E|  |TAMS 0x000000008bd00000, 0x000000008bd00000| Complete 
| 190|0x000000008be00000, 0x000000008bf00000, 0x000000008bf00000|100%| E|CS|TAMS 0x000000008be00000, 0x000000008be00000| Complete 
| 191|0x000000008bf00000, 0x000000008c000000, 0x000000008c000000|100%| E|CS|TAMS 0x000000008bf00000, 0x000000008bf00000| Complete 
| 192|0x000000008c000000, 0x000000008c100000, 0x000000008c100000|100%| E|CS|TAMS 0x000000008c000000, 0x000000008c000000| Complete 
| 193|0x000000008c100000, 0x000000008c200000, 0x000000008c200000|100%| E|CS|TAMS 0x000000008c100000, 0x000000008c100000| Complete 
| 194|0x000000008c200000, 0x000000008c300000, 0x000000008c300000|100%| E|CS|TAMS 0x000000008c200000, 0x000000008c200000| Complete 

Card table byte_map: [0x000001b2c7530000,0x000001b2c7930000] _byte_map_base: 0x000001b2c7130000

Marking Bits (Prev, Next): (CMBitMap*) 0x000001b2b43e77a8, (CMBitMap*) 0x000001b2b43e77e0
 Prev Bits: [0x000001b2c7d30000, 0x000001b2c9d30000)
 Next Bits: [0x000001b2c9d30000, 0x000001b2cbd30000)

Polling page: 0x000001b2b2b00000

Metaspace:

Usage:
  Non-class:    113.81 MB capacity,   111.56 MB ( 98%) used,     1.87 MB (  2%) free+waste,   378.19 KB ( <1%) overhead. 
      Class:     17.39 MB capacity,    16.17 MB ( 93%) used,     1.06 MB (  6%) free+waste,   172.25 KB ( <1%) overhead. 
       Both:    131.20 MB capacity,   127.73 MB ( 97%) used,     2.93 MB (  2%) free+waste,   550.44 KB ( <1%) overhead. 

Virtual space:
  Non-class space:      116.00 MB reserved,     114.12 MB ( 98%) committed 
      Class space:        1.00 GB reserved,      17.50 MB (  2%) committed 
             Both:        1.11 GB reserved,     131.62 MB ( 12%) committed 

Chunk freelists:
   Non-Class:  194.00 KB
       Class:  50.00 KB
        Both:  244.00 KB

MaxMetaspaceSize: 17179869184.00 GB
CompressedClassSpaceSize: 1.00 GB

CodeHeap 'non-profiled nmethods': size=120064Kb used=10611Kb max_used=11526Kb free=109452Kb
 bounds [0x000001b2bf7f0000, 0x000001b2c0340000, 0x000001b2c6d30000]
CodeHeap 'profiled nmethods': size=120000Kb used=32507Kb max_used=34132Kb free=87492Kb
 bounds [0x000001b2b82c0000, 0x000001b2ba430000, 0x000001b2bf7f0000]
CodeHeap 'non-nmethods': size=5696Kb used=2370Kb max_used=2421Kb free=3325Kb
 bounds [0x000001b2b7d30000, 0x000001b2b7fa0000, 0x000001b2b82c0000]
 total_blobs=15994 nmethods=14982 adapters=922
 compilation: enabled
              stopped_count=0, restarted_count=0
 full_count=0

Compilation events (20 events):
Event: 8535.546 Thread 0x000001b2ce0eb800 17412       4       java.util.LinkedHashMap$LinkedEntrySet::iterator (12 bytes)
Event: 8535.548 Thread 0x000001b2ce0eb800 nmethod 17412 0x000001b2bf8fbf90 code [0x000001b2bf8fc140, 0x000001b2bf8fc2f8]
Event: 8535.821 Thread 0x000001b2ce0eb800 17413       4       java.io.WinNTFileSystem::resolve (275 bytes)
Event: 8535.843 Thread 0x000001b2ce0eb800 nmethod 17413 0x000001b2bf929690 code [0x000001b2bf9298a0, 0x000001b2bf92a838]
Event: 8535.963 Thread 0x000001b2ce0eb800 17414   !   4       org.gradle.cache.internal.DefaultCacheAccess::takeOwnership (50 bytes)
Event: 8535.967 Thread 0x000001b2ce0eb800 nmethod 17414 0x000001b2bf8fb990 code [0x000001b2bf8fbb60, 0x000001b2bf8fbda8]
Event: 8535.991 Thread 0x000001b2ce0eb800 17415   !   4       org.gradle.cache.internal.DefaultCacheAccess::useCache (191 bytes)
Event: 8536.116 Thread 0x000001b2ce0eb800 nmethod 17415 0x000001b2bf95d190 code [0x000001b2bf95d540, 0x000001b2bf960090]
Event: 8536.140 Thread 0x000001b2ceab0000 17416       3       java.util.BitSet::clear (70 bytes)
Event: 8536.158 Thread 0x000001b2ceab0000 nmethod 17416 0x000001b2b838a910 code [0x000001b2b838aba0, 0x000001b2b838b598]
Event: 8536.158 Thread 0x000001b2ceab0000 17417       3       org.gradle.internal.component.external.model.VariantMetadataRules::applyCapabilitiesRules (86 bytes)
Event: 8536.158 Thread 0x000001b2ce0eb800 17418       4       org.gradle.internal.component.external.model.DefaultConfigurationMetadata::getCapabilities (28 bytes)
Event: 8536.159 Thread 0x000001b2ceab0000 nmethod 17417 0x000001b2b8394010 code [0x000001b2b83942e0, 0x000001b2b8395118]
Event: 8536.160 Thread 0x000001b2ceab0000 17420       3       org.gradle.internal.component.external.model.DefaultShadowedCapability::<init> (15 bytes)
Event: 8536.160 Thread 0x000001b2ce0eb800 nmethod 17418 0x000001b2bf8fb590 code [0x000001b2bf8fb720, 0x000001b2bf8fb8b8]
Event: 8536.160 Thread 0x000001b2ce0eb800 17419       4       org.gradle.internal.component.external.model.DefaultConfigurationMetadata::getAttributes (5 bytes)
Event: 8536.160 Thread 0x000001b2ceab0000 nmethod 17420 0x000001b2b834f790 code [0x000001b2b834f940, 0x000001b2b834fb58]
Event: 8536.163 Thread 0x000001b2ce0eb800 nmethod 17419 0x000001b2bf8faf90 code [0x000001b2bf8fb140, 0x000001b2bf8fb308]
Event: 8536.189 Thread 0x000001b2ce0eb800 17421       4       java.util.Collections::reverseOrder (54 bytes)
Event: 8536.191 Thread 0x000001b2ce0eb800 nmethod 17421 0x000001b2bf911910 code [0x000001b2bf911ac0, 0x000001b2bf911c58]

GC Heap History (20 events):
Event: 5328.442 GC heap before
{Heap before GC invocations=120 (full 0):
 garbage-first heap   total 165888K, used 124774K [0x0000000080000000, 0x0000000100000000)
  region size 1024K, 30 young (30720K), 3 survivors (3072K)
 Metaspace       used 123588K, capacity 126823K, committed 127100K, reserved 1159168K
  class space    used 15750K, capacity 16873K, committed 16896K, reserved 1048576K
}
Event: 5328.459 GC heap after
{Heap after GC invocations=121 (full 0):
 garbage-first heap   total 165888K, used 99284K [0x0000000080000000, 0x0000000100000000)
  region size 1024K, 4 young (4096K), 4 survivors (4096K)
 Metaspace       used 123588K, capacity 126823K, committed 127100K, reserved 1159168K
  class space    used 15750K, capacity 16873K, committed 16896K, reserved 1048576K
}
Event: 5332.997 GC heap before
{Heap before GC invocations=121 (full 0):
 garbage-first heap   total 165888K, used 126932K [0x0000000080000000, 0x0000000100000000)
  region size 1024K, 32 young (32768K), 4 survivors (4096K)
 Metaspace       used 125698K, capacity 129046K, committed 129148K, reserved 1161216K
  class space    used 15967K, capacity 17121K, committed 17152K, reserved 1048576K
}
Event: 5333.018 GC heap after
{Heap after GC invocations=122 (full 0):
 garbage-first heap   total 165888K, used 101606K [0x0000000080000000, 0x0000000100000000)
  region size 1024K, 3 young (3072K), 3 survivors (3072K)
 Metaspace       used 125698K, capacity 129046K, committed 129148K, reserved 1161216K
  class space    used 15967K, capacity 17121K, committed 17152K, reserved 1048576K
}
Event: 5335.527 GC heap before
{Heap before GC invocations=123 (full 0):
 garbage-first heap   total 165888K, used 129254K [0x0000000080000000, 0x0000000100000000)
  region size 1024K, 31 young (31744K), 3 survivors (3072K)
 Metaspace       used 125935K, capacity 129189K, committed 129404K, reserved 1161216K
  class space    used 15988K, capacity 17126K, committed 17152K, reserved 1048576K
}
Event: 5335.541 GC heap after
{Heap after GC invocations=124 (full 0):
 garbage-first heap   total 165888K, used 103918K [0x0000000080000000, 0x0000000100000000)
  region size 1024K, 3 young (3072K), 3 survivors (3072K)
 Metaspace       used 125935K, capacity 129189K, committed 129404K, reserved 1161216K
  class space    used 15988K, capacity 17126K, committed 17152K, reserved 1048576K
}
Event: 5336.876 GC heap before
{Heap before GC invocations=124 (full 0):
 garbage-first heap   total 165888K, used 131566K [0x0000000080000000, 0x0000000100000000)
  region size 1024K, 31 young (31744K), 3 survivors (3072K)
 Metaspace       used 126127K, capacity 129506K, committed 129660K, reserved 1161216K
  class space    used 16020K, capacity 17145K, committed 17152K, reserved 1048576K
}
Event: 5336.884 GC heap after
{Heap after GC invocations=125 (full 0):
 garbage-first heap   total 165888K, used 103424K [0x0000000080000000, 0x0000000100000000)
  region size 1024K, 1 young (1024K), 1 survivors (1024K)
 Metaspace       used 126127K, capacity 129506K, committed 129660K, reserved 1161216K
  class space    used 16020K, capacity 17145K, committed 17152K, reserved 1048576K
}
Event: 5340.452 GC heap before
{Heap before GC invocations=126 (full 0):
 garbage-first heap   total 165888K, used 129024K [0x0000000080000000, 0x0000000100000000)
  region size 1024K, 27 young (27648K), 1 survivors (1024K)
 Metaspace       used 127484K, capacity 130952K, committed 131068K, reserved 1163264K
  class space    used 16218K, capacity 17453K, committed 17536K, reserved 1048576K
}
Event: 5340.465 GC heap after
{Heap after GC invocations=127 (full 0):
 garbage-first heap   total 165888K, used 105220K [0x0000000080000000, 0x0000000100000000)
  region size 1024K, 3 young (3072K), 3 survivors (3072K)
 Metaspace       used 127484K, capacity 130952K, committed 131068K, reserved 1163264K
  class space    used 16218K, capacity 17453K, committed 17536K, reserved 1048576K
}
Event: 5344.290 GC heap before
{Heap before GC invocations=128 (full 0):
 garbage-first heap   total 165888K, used 134916K [0x0000000080000000, 0x0000000100000000)
  region size 1024K, 32 young (32768K), 3 survivors (3072K)
 Metaspace       used 129208K, capacity 132650K, committed 132988K, reserved 1165312K
  class space    used 16340K, capacity 17548K, committed 17664K, reserved 1048576K
}
Event: 5344.305 GC heap after
{Heap after GC invocations=129 (full 0):
 garbage-first heap   total 165888K, used 106488K [0x0000000080000000, 0x0000000100000000)
  region size 1024K, 4 young (4096K), 4 survivors (4096K)
 Metaspace       used 129208K, capacity 132650K, committed 132988K, reserved 1165312K
  class space    used 16340K, capacity 17548K, committed 17664K, reserved 1048576K
}
Event: 5986.479 GC heap before
{Heap before GC invocations=129 (full 0):
 garbage-first heap   total 165888K, used 134136K [0x0000000080000000, 0x0000000100000000)
  region size 1024K, 32 young (32768K), 4 survivors (4096K)
 Metaspace       used 130895K, capacity 134508K, committed 134780K, reserved 1167360K
  class space    used 16567K, capacity 17833K, committed 17920K, reserved 1048576K
}
Event: 5986.494 GC heap after
{Heap after GC invocations=130 (full 0):
 garbage-first heap   total 165888K, used 107608K [0x0000000080000000, 0x0000000100000000)
  region size 1024K, 3 young (3072K), 3 survivors (3072K)
 Metaspace       used 130895K, capacity 134508K, committed 134780K, reserved 1167360K
  class space    used 16567K, capacity 17833K, committed 17920K, reserved 1048576K
}
Event: 7715.404 GC heap before
{Heap before GC invocations=131 (full 0):
 garbage-first heap   total 165888K, used 137304K [0x0000000080000000, 0x0000000100000000)
  region size 1024K, 32 young (32768K), 3 survivors (3072K)
 Metaspace       used 130784K, capacity 134332K, committed 134780K, reserved 1167360K
  class space    used 16551K, capacity 17803K, committed 17920K, reserved 1048576K
}
Event: 7719.181 GC heap after
{Heap after GC invocations=132 (full 0):
 garbage-first heap   total 165888K, used 107732K [0x0000000080000000, 0x0000000100000000)
  region size 1024K, 2 young (2048K), 2 survivors (2048K)
 Metaspace       used 130784K, capacity 134332K, committed 134780K, reserved 1167360K
  class space    used 16551K, capacity 17803K, committed 17920K, reserved 1048576K
}
Event: 8071.487 GC heap before
{Heap before GC invocations=132 (full 0):
 garbage-first heap   total 165888K, used 113876K [0x0000000080000000, 0x0000000100000000)
  region size 1024K, 8 young (8192K), 2 survivors (2048K)
 Metaspace       used 130784K, capacity 134332K, committed 134780K, reserved 1167360K
  class space    used 16551K, capacity 17803K, committed 17920K, reserved 1048576K
}
Event: 8072.046 GC heap after
{Heap after GC invocations=133 (full 0):
 garbage-first heap   total 199680K, used 106515K [0x0000000080000000, 0x0000000100000000)
  region size 1024K, 1 young (1024K), 1 survivors (1024K)
 Metaspace       used 130784K, capacity 134332K, committed 134780K, reserved 1167360K
  class space    used 16551K, capacity 17803K, committed 17920K, reserved 1048576K
}
Event: 8532.766 GC heap before
{Heap before GC invocations=133 (full 0):
 garbage-first heap   total 199680K, used 114707K [0x0000000080000000, 0x0000000100000000)
  region size 1024K, 9 young (9216K), 1 survivors (1024K)
 Metaspace       used 130785K, capacity 134332K, committed 134780K, reserved 1167360K
  class space    used 16551K, capacity 17803K, committed 17920K, reserved 1048576K
}
Event: 8532.852 GC heap after
{Heap after GC invocations=134 (full 0):
 garbage-first heap   total 199680K, used 106328K [0x0000000080000000, 0x0000000100000000)
  region size 1024K, 1 young (1024K), 1 survivors (1024K)
 Metaspace       used 130785K, capacity 134332K, committed 134780K, reserved 1167360K
  class space    used 16551K, capacity 17803K, committed 17920K, reserved 1048576K
}

Deoptimization events (20 events):
Event: 5375.334 Thread 0x000001b2d07ee800 DEOPT PACKING pc=0x000001b2ba3f36f8 sp=0x0000009b3e7fdc90
Event: 5375.335 Thread 0x000001b2d07ee800 DEOPT UNPACKING pc=0x000001b2b7d564bf sp=0x0000009b3e7fd1f8 mode 0
Event: 8532.163 Thread 0x000001b2d0f51000 Uncommon trap: trap_request=0xffffffc6 fr.pc=0x000001b2c0200b5c relative=0x000000000000085c
Event: 8532.163 Thread 0x000001b2d0f51000 Uncommon trap: reason=bimorphic_or_optimized_type_check action=maybe_recompile pc=0x000001b2c0200b5c method=java.io.DataInputStream.readChar()C @ 4 c2
Event: 8532.163 Thread 0x000001b2d0f51000 DEOPT PACKING pc=0x000001b2c0200b5c sp=0x0000009b3ccfd630
Event: 8532.163 Thread 0x000001b2d0f51000 DEOPT UNPACKING pc=0x000001b2b7d566a9 sp=0x0000009b3ccfd5f0 mode 2
Event: 8532.179 Thread 0x000001b2d0f51000 Uncommon trap: trap_request=0xffffffc6 fr.pc=0x000001b2c0200b5c relative=0x000000000000085c
Event: 8532.179 Thread 0x000001b2d0f51000 Uncommon trap: reason=bimorphic_or_optimized_type_check action=maybe_recompile pc=0x000001b2c0200b5c method=java.io.DataInputStream.readChar()C @ 4 c2
Event: 8532.179 Thread 0x000001b2d0f51000 DEOPT PACKING pc=0x000001b2c0200b5c sp=0x0000009b3ccfd630
Event: 8532.179 Thread 0x000001b2d0f51000 DEOPT UNPACKING pc=0x000001b2b7d566a9 sp=0x0000009b3ccfd5f0 mode 2
Event: 8532.179 Thread 0x000001b2d0f51000 Uncommon trap: trap_request=0xffffffc6 fr.pc=0x000001b2c0200b5c relative=0x000000000000085c
Event: 8532.179 Thread 0x000001b2d0f51000 Uncommon trap: reason=bimorphic_or_optimized_type_check action=maybe_recompile pc=0x000001b2c0200b5c method=java.io.DataInputStream.readChar()C @ 4 c2
Event: 8532.179 Thread 0x000001b2d0f51000 DEOPT PACKING pc=0x000001b2c0200b5c sp=0x0000009b3ccfd630
Event: 8532.179 Thread 0x000001b2d0f51000 DEOPT UNPACKING pc=0x000001b2b7d566a9 sp=0x0000009b3ccfd5f0 mode 2
Event: 8532.208 Thread 0x000001b2d0f51000 Uncommon trap: trap_request=0xffffffc6 fr.pc=0x000001b2c0200b5c relative=0x000000000000085c
Event: 8532.208 Thread 0x000001b2d0f51000 Uncommon trap: reason=bimorphic_or_optimized_type_check action=maybe_recompile pc=0x000001b2c0200b5c method=java.io.DataInputStream.readChar()C @ 4 c2
Event: 8532.208 Thread 0x000001b2d0f51000 DEOPT PACKING pc=0x000001b2c0200b5c sp=0x0000009b3ccfd630
Event: 8532.208 Thread 0x000001b2d0f51000 DEOPT UNPACKING pc=0x000001b2b7d566a9 sp=0x0000009b3ccfd5f0 mode 2
Event: 8534.408 Thread 0x000001b2d0f53000 DEOPT PACKING pc=0x000001b2b9091769 sp=0x0000009b3e2fa050
Event: 8534.408 Thread 0x000001b2d0f53000 DEOPT UNPACKING pc=0x000001b2b7d564bf sp=0x0000009b3e2f9588 mode 0

Classes redefined (0 events):
No events

Internal exceptions (20 events):
Event: 5344.185 Thread 0x000001b2d0f2b800 Exception <a 'java/lang/ClassNotFoundException'{0x0000000088216b30}: org/gradle/api/internal/tasks/DefaultTaskContainer_DecoratedCustomizer> (0x0000000088216b30) thrown at [./src/hotspot/share/classfile/systemDictionary.cpp, line 231]
Event: 5344.335 Thread 0x000001b2d0f2b800 Exception <a 'java/lang/ClassNotFoundException'{0x000000008a197350}: org/gradle/api/tasks/SourceSetBeanInfo> (0x000000008a197350) thrown at [./src/hotspot/share/classfile/systemDictionary.cpp, line 231]
Event: 5344.335 Thread 0x000001b2d0f2b800 Exception <a 'java/lang/ClassNotFoundException'{0x000000008a1acbc0}: org/gradle/api/tasks/SourceSetCustomizer> (0x000000008a1acbc0) thrown at [./src/hotspot/share/classfile/systemDictionary.cpp, line 231]
Event: 5344.342 Thread 0x000001b2d0f2b800 Exception <a 'java/lang/ClassNotFoundException'{0x000000008a02e618}: java/util/LinkedHashMapBeanInfo> (0x000000008a02e618) thrown at [./src/hotspot/share/classfile/systemDictionary.cpp, line 231]
Event: 5344.343 Thread 0x000001b2d0f2b800 Exception <a 'java/lang/ClassNotFoundException'{0x000000008a0356a8}: java/util/HashMapBeanInfo> (0x000000008a0356a8) thrown at [./src/hotspot/share/classfile/systemDictionary.cpp, line 231]
Event: 5344.343 Thread 0x000001b2d0f2b800 Exception <a 'java/lang/ClassNotFoundException'{0x000000008a03d028}: java/util/AbstractMapBeanInfo> (0x000000008a03d028) thrown at [./src/hotspot/share/classfile/systemDictionary.cpp, line 231]
Event: 5344.343 Thread 0x000001b2d0f2b800 Exception <a 'java/lang/ClassNotFoundException'{0x000000008a044980}: java/util/AbstractMapCustomizer> (0x000000008a044980) thrown at [./src/hotspot/share/classfile/systemDictionary.cpp, line 231]
Event: 5344.345 Thread 0x000001b2d0f2b800 Exception <a 'java/lang/ClassNotFoundException'{0x000000008a055f68}: java/util/HashMapCustomizer> (0x000000008a055f68) thrown at [./src/hotspot/share/classfile/systemDictionary.cpp, line 231]
Event: 5344.346 Thread 0x000001b2d0f2b800 Exception <a 'java/lang/ClassNotFoundException'{0x000000008a0752c8}: java/util/LinkedHashMapCustomizer> (0x000000008a0752c8) thrown at [./src/hotspot/share/classfile/systemDictionary.cpp, line 231]
Event: 5344.363 Thread 0x000001b2d0f2b800 Exception <a 'java/lang/ClassNotFoundException'{0x000000008a0dc4a0}: org/gradle/api/plugins/internal/DefaultJavaPluginConventionBeanInfo> (0x000000008a0dc4a0) thrown at [./src/hotspot/share/classfile/systemDictionary.cpp, line 231]
Event: 5344.364 Thread 0x000001b2d0f2b800 Exception <a 'java/lang/ClassNotFoundException'{0x000000008a0f6300}: org/gradle/api/plugins/JavaPluginConventionBeanInfo> (0x000000008a0f6300) thrown at [./src/hotspot/share/classfile/systemDictionary.cpp, line 231]
Event: 5344.364 Thread 0x000001b2d0f2b800 Exception <a 'java/lang/ClassNotFoundException'{0x0000000089f10680}: org/gradle/api/plugins/JavaPluginConventionCustomizer> (0x0000000089f10680) thrown at [./src/hotspot/share/classfile/systemDictionary.cpp, line 231]
Event: 5344.366 Thread 0x000001b2d0f2b800 Exception <a 'java/lang/ClassNotFoundException'{0x0000000089f41370}: org/gradle/api/plugins/internal/DefaultJavaPluginConventionCustomizer> (0x0000000089f41370) thrown at [./src/hotspot/share/classfile/systemDictionary.cpp, line 231]
Event: 5344.371 Thread 0x000001b2d0f2b800 Exception <a 'java/lang/ClassNotFoundException'{0x0000000089fae868}: org/gradle/api/plugins/internal/DefaultBasePluginConventionBeanInfo> (0x0000000089fae868) thrown at [./src/hotspot/share/classfile/systemDictionary.cpp, line 231]
Event: 5344.372 Thread 0x000001b2d0f2b800 Exception <a 'java/lang/ClassNotFoundException'{0x0000000089fc86c8}: org/gradle/api/plugins/BasePluginConventionBeanInfo> (0x0000000089fc86c8) thrown at [./src/hotspot/share/classfile/systemDictionary.cpp, line 231]
Event: 5344.373 Thread 0x000001b2d0f2b800 Exception <a 'java/lang/ClassNotFoundException'{0x0000000089fe31e8}: org/gradle/api/plugins/BasePluginConventionCustomizer> (0x0000000089fe31e8) thrown at [./src/hotspot/share/classfile/systemDictionary.cpp, line 231]
Event: 5344.375 Thread 0x000001b2d0f2b800 Exception <a 'java/lang/ClassNotFoundException'{0x0000000089e0ea10}: org/gradle/api/plugins/internal/DefaultBasePluginConventionCustomizer> (0x0000000089e0ea10) thrown at [./src/hotspot/share/classfile/systemDictionary.cpp, line 231]
Event: 5345.107 Thread 0x000001b2d0f2c800 Exception <a 'java/lang/NoSuchMethodError'{0x000000008930b970}: <clinit>> (0x000000008930b970) thrown at [./src/hotspot/share/prims/jni.cpp, line 1362]
Event: 5345.826 Thread 0x000001b2d0f2c800 Exception <a 'java/lang/NoSuchMethodError'{0x000000008932a268}: <clinit>> (0x000000008932a268) thrown at [./src/hotspot/share/prims/jni.cpp, line 1362]
Event: 5345.827 Thread 0x000001b2d0f2c800 Exception <a 'java/lang/NoSuchMethodError'{0x000000008933a0e0}: <clinit>> (0x000000008933a0e0) thrown at [./src/hotspot/share/prims/jni.cpp, line 1362]

Events (20 events):
Event: 7715.315 Executing VM operation: G1CollectForAllocation
Event: 7719.181 Executing VM operation: G1CollectForAllocation done
Event: 8071.487 Executing VM operation: G1CollectForAllocation
Event: 8072.046 Executing VM operation: G1CollectForAllocation done
Event: 8531.955 Thread 0x000001b2d0f50800 Thread added: 0x000001b2d0f50800
Event: 8531.974 Thread 0x000001b2d0f51000 Thread added: 0x000001b2d0f51000
Event: 8532.278 Thread 0x000001b2d0f4c800 Thread added: 0x000001b2d0f4c800
Event: 8532.393 Thread 0x000001b2d0f53000 Thread added: 0x000001b2d0f53000
Event: 8532.488 Executing VM operation: RevokeBias
Event: 8532.489 Executing VM operation: RevokeBias done
Event: 8532.560 Thread 0x000001b2d0f53800 Thread added: 0x000001b2d0f53800
Event: 8532.613 Thread 0x000001b2d0f4e000 Thread added: 0x000001b2d0f4e000
Event: 8532.631 Thread 0x000001b2d0f4e800 Thread added: 0x000001b2d0f4e800
Event: 8532.766 Executing VM operation: G1CollectForAllocation
Event: 8532.853 Executing VM operation: G1CollectForAllocation done
Event: 8533.790 Thread 0x000001b2d0f54800 Thread added: 0x000001b2d0f54800
Event: 8534.291 Thread 0x000001b2d0f55000 Thread added: 0x000001b2d0f55000
Event: 8534.384 Thread 0x000001b2d0f4f800 Thread added: 0x000001b2d0f4f800
Event: 8534.498 Thread 0x000001b2d0f57800 Thread added: 0x000001b2d0f57800
Event: 8535.320 Thread 0x000001b2d0f59800 Thread added: 0x000001b2d0f59800


Dynamic libraries:
0x00007ff62b610000 - 0x00007ff62b61a000 	E:\AndroidStudioNEW\jre\bin\java.exe
0x00007ffefe430000 - 0x00007ffefe625000 	C:\Windows\SYSTEM32\ntdll.dll
0x00007ffefe1b0000 - 0x00007ffefe26d000 	C:\Windows\System32\KERNEL32.DLL
0x00007ffefbf50000 - 0x00007ffefc218000 	C:\Windows\System32\KERNELBASE.dll
0x00007ffefbc70000 - 0x00007ffefbd70000 	C:\Windows\System32\ucrtbase.dll
0x00007ffef4cb0000 - 0x00007ffef4cc7000 	E:\AndroidStudioNEW\jre\bin\VCRUNTIME140.dll
0x00007ffee8bd0000 - 0x00007ffee8be9000 	E:\AndroidStudioNEW\jre\bin\jli.dll
0x00007ffefc6e0000 - 0x00007ffefc880000 	C:\Windows\System32\USER32.dll
0x00007ffefc360000 - 0x00007ffefc382000 	C:\Windows\System32\win32u.dll
0x00007ffefe270000 - 0x00007ffefe29a000 	C:\Windows\System32\GDI32.dll
0x00007ffefc220000 - 0x00007ffefc32b000 	C:\Windows\System32\gdi32full.dll
0x00007ffefc390000 - 0x00007ffefc42d000 	C:\Windows\System32\msvcp_win.dll
0x00007ffef0f80000 - 0x00007ffef121a000 	C:\Windows\WinSxS\amd64_microsoft.windows.common-controls_6595b64144ccf1df_6.0.19041.844_none_ca00b6081b84eb1d\COMCTL32.dll
0x00007ffefc490000 - 0x00007ffefc52e000 	C:\Windows\System32\msvcrt.dll
0x00007ffefdf40000 - 0x00007ffefdf70000 	C:\Windows\System32\IMM32.DLL
0x00007ffecac20000 - 0x00007ffecacbd000 	E:\AndroidStudioNEW\jre\bin\msvcp140.dll
0x00007ffecaf10000 - 0x00007ffecb9cc000 	E:\AndroidStudioNEW\jre\bin\server\jvm.dll
0x00007ffefdf70000 - 0x00007ffefe01c000 	C:\Windows\System32\ADVAPI32.dll
0x00007ffefdea0000 - 0x00007ffefdf3b000 	C:\Windows\System32\sechost.dll
0x00007ffefc550000 - 0x00007ffefc67b000 	C:\Windows\System32\RPCRT4.dll
0x00007ffefe3e0000 - 0x00007ffefe3e8000 	C:\Windows\System32\PSAPI.DLL
0x00007ffef9360000 - 0x00007ffef9369000 	C:\Windows\SYSTEM32\WSOCK32.dll
0x00007ffefe370000 - 0x00007ffefe3db000 	C:\Windows\System32\WS2_32.dll
0x00007ffef1220000 - 0x00007ffef1247000 	C:\Windows\SYSTEM32\WINMM.dll
0x00007ffef3ce0000 - 0x00007ffef3cea000 	C:\Windows\SYSTEM32\VERSION.dll
0x00007ffef9ae0000 - 0x00007ffef9af2000 	C:\Windows\SYSTEM32\kernel.appcore.dll
0x00007ffee8a90000 - 0x00007ffee8aa1000 	E:\AndroidStudioNEW\jre\bin\verify.dll
0x00007ffeeb4d0000 - 0x00007ffeeb6b4000 	C:\Windows\SYSTEM32\DBGHELP.DLL
0x00007ffeeb4a0000 - 0x00007ffeeb4cc000 	C:\Windows\SYSTEM32\dbgcore.DLL
0x00007ffefbed0000 - 0x00007ffefbf50000 	C:\Windows\System32\bcryptPrimitives.dll
0x00007ffee8a60000 - 0x00007ffee8a89000 	E:\AndroidStudioNEW\jre\bin\java.dll
0x00007ffeecc40000 - 0x00007ffeecc4b000 	E:\AndroidStudioNEW\jre\bin\jimage.dll
0x00007ffee2780000 - 0x00007ffee2798000 	E:\AndroidStudioNEW\jre\bin\zip.dll
0x00007ffefc9c0000 - 0x00007ffefd102000 	C:\Windows\System32\SHELL32.dll
0x00007ffef9ce0000 - 0x00007ffefa470000 	C:\Windows\SYSTEM32\windows.storage.dll
0x00007ffefd110000 - 0x00007ffefd465000 	C:\Windows\System32\combase.dll
0x00007ffefb5e0000 - 0x00007ffefb60c000 	C:\Windows\SYSTEM32\Wldp.dll
0x00007ffefd470000 - 0x00007ffefd51e000 	C:\Windows\System32\SHCORE.dll
0x00007ffefe2a0000 - 0x00007ffefe2f5000 	C:\Windows\System32\shlwapi.dll
0x00007ffefbab0000 - 0x00007ffefbacf000 	C:\Windows\SYSTEM32\profapi.dll
0x00007ffee1650000 - 0x00007ffee166a000 	E:\AndroidStudioNEW\jre\bin\net.dll
0x00007ffef0620000 - 0x00007ffef072b000 	C:\Windows\SYSTEM32\WINHTTP.dll
0x00007ffefb2d0000 - 0x00007ffefb33a000 	C:\Windows\system32\mswsock.dll
0x00007ffede0c0000 - 0x00007ffede0d4000 	E:\AndroidStudioNEW\jre\bin\nio.dll
0x00007ffedb4e0000 - 0x00007ffedb507000 	E:\AndroidSDK\native\fdc75f09e3144964f2cf3f50f0aa648679c211496f362492102eb8c894070792\windows-amd64\native-platform.dll
0x00007ffec9e20000 - 0x00007ffec9fb6000 	E:\AndroidSDK\native\12488b8bf47d2d4c9fbf2f6322a914ad602e24e48041cd04a747c6da556b65c4\windows-amd64\native-platform-file-events.dll
0x00007ffee9de0000 - 0x00007ffee9dea000 	E:\AndroidStudioNEW\jre\bin\management.dll
0x00007ffee9b80000 - 0x00007ffee9b8c000 	E:\AndroidStudioNEW\jre\bin\management_ext.dll
0x00007ffefb4b0000 - 0x00007ffefb4c8000 	C:\Windows\SYSTEM32\CRYPTSP.dll
0x00007ffefac20000 - 0x00007ffefac54000 	C:\Windows\system32\rsaenh.dll
0x00007ffefc330000 - 0x00007ffefc357000 	C:\Windows\System32\bcrypt.dll
0x00007ffefba30000 - 0x00007ffefba5e000 	C:\Windows\SYSTEM32\USERENV.dll
0x00007ffefb4d0000 - 0x00007ffefb4dc000 	C:\Windows\SYSTEM32\CRYPTBASE.dll
0x00007ffefafd0000 - 0x00007ffefb00b000 	C:\Windows\SYSTEM32\IPHLPAPI.DLL
0x00007ffefde90000 - 0x00007ffefde98000 	C:\Windows\System32\NSI.dll
0x00007ffef3ad0000 - 0x00007ffef3ae7000 	C:\Windows\SYSTEM32\dhcpcsvc6.DLL
0x00007ffef3370000 - 0x00007ffef338d000 	C:\Windows\SYSTEM32\dhcpcsvc.DLL
0x00007ffefb020000 - 0x00007ffefb0ec000 	C:\Windows\SYSTEM32\DNSAPI.dll
0x00007ffef5050000 - 0x00007ffef505b000 	C:\Windows\SYSTEM32\WINNSI.DLL
0x00007ffef6960000 - 0x00007ffef6987000 	E:\AndroidStudioNEW\jre\bin\sunec.dll
0x00007ffefa8b0000 - 0x00007ffefa8e3000 	C:\Windows\SYSTEM32\ntmarta.dll
0x00007ffef05e0000 - 0x00007ffef05ea000 	C:\Windows\System32\rasadhlp.dll
0x00007ffef0500000 - 0x00007ffef057f000 	C:\Windows\System32\fwpuclnt.dll

dbghelp: loaded successfully - version: 4.0.5 - missing functions: none
symbol engine: initialized successfully - sym options: 0x614 - pdb path: .;E:\AndroidStudioNEW\jre\bin;C:\Windows\SYSTEM32;C:\Windows\WinSxS\amd64_microsoft.windows.common-controls_6595b64144ccf1df_6.0.19041.844_none_ca00b6081b84eb1d;E:\AndroidStudioNEW\jre\bin\server;E:\AndroidSDK\native\fdc75f09e3144964f2cf3f50f0aa648679c211496f362492102eb8c894070792\windows-amd64;E:\AndroidSDK\native\12488b8bf47d2d4c9fbf2f6322a914ad602e24e48041cd04a747c6da556b65c4\windows-amd64

VM Arguments:
jvm_args: --add-opens=java.base/java.util=ALL-UNNAMED --add-opens=java.base/java.lang=ALL-UNNAMED --add-opens=java.base/java.lang.invoke=ALL-UNNAMED --add-opens=java.prefs/java.util.prefs=ALL-UNNAMED -Xmx2048m -Dfile.encoding=UTF-8 -Duser.country=RU -Duser.language=ru -Duser.variant 
java_command: org.gradle.launcher.daemon.bootstrap.GradleDaemon 6.7.1
java_class_path (initial): E:\AndroidSDK\wrapper\dists\gradle-6.7.1-bin\bwlcbys1h7rz3272sye1xwiv6\gradle-6.7.1\lib\gradle-launcher-6.7.1.jar
Launcher Type: SUN_STANDARD

[Global flags]
     intx CICompilerCount                          = 2                                         {product} {ergonomic}
     uint ConcGCThreads                            = 1                                         {product} {ergonomic}
     uint G1ConcRefinementThreads                  = 2                                         {product} {ergonomic}
   size_t G1HeapRegionSize                         = 1048576                                   {product} {ergonomic}
    uintx GCDrainStackTargetSize                   = 64                                        {product} {ergonomic}
   size_t InitialHeapSize                          = 67108864                                  {product} {ergonomic}
   size_t MarkStackSize                            = 4194304                                   {product} {ergonomic}
   size_t MaxHeapSize                              = 2147483648                                {product} {command line}
   size_t MaxNewSize                               = 1287651328                                {product} {ergonomic}
   size_t MinHeapDeltaBytes                        = 1048576                                   {product} {ergonomic}
    uintx NonNMethodCodeHeapSize                   = 5825164                                {pd product} {ergonomic}
    uintx NonProfiledCodeHeapSize                  = 122916538                              {pd product} {ergonomic}
    uintx ProfiledCodeHeapSize                     = 122916538                              {pd product} {ergonomic}
    uintx ReservedCodeCacheSize                    = 251658240                              {pd product} {ergonomic}
     bool SegmentedCodeCache                       = true                                      {product} {ergonomic}
     bool UseCompressedClassPointers               = true                                 {lp64_product} {ergonomic}
     bool UseCompressedOops                        = true                                 {lp64_product} {ergonomic}
     bool UseG1GC                                  = true                                      {product} {ergonomic}
     bool UseLargePagesIndividualAllocation        = false                                  {pd product} {ergonomic}

Logging:
Log output configuration:
 #0: stdout all=warning uptime,level,tags
 #1: stderr all=off uptime,level,tags

Environment Variables:
PATH=C:\Program Files\Common Files\Oracle\Java\javapath;C:\Windows\system32;C:\Windows;C:\Windows\System32\Wbem;C:\Windows\System32\WindowsPowerShell\v1.0\;C:\Windows\System32\OpenSSH\;E:\Programm Android\Git\cmd;C:\Users\Сергей\AppData\Local\Microsoft\WindowsApps;
USERNAME=Сергей
OS=Windows_NT
PROCESSOR_IDENTIFIER=Intel64 Family 6 Model 23 Stepping 10, GenuineIntel



---------------  S Y S T E M  ---------------

OS: Windows 10 , 64 bit Build 19041 (10.0.19041.928)
OS uptime: 0 days 2:50 hours

CPU:total 2 (initial active 2) (2 cores per cpu, 1 threads per core) family 6 model 23 stepping 10, cmov, cx8, fxsr, mmx, sse, sse2, sse3, ssse3, sse4.1, tsc

Memory: 4k page, system-wide physical 4095M (831M free)
TotalPageFile size 7167M (AvailPageFile size 1565M)
current process WorkingSet (physical memory assigned to process): 198M, peak: 454M
current process commit charge ("private bytes"): 530M, peak: 533M

vm_info: OpenJDK 64-Bit Server VM (11.0.8+10-b944.6842174) for windows-amd64 JRE (11.0.8+10-b944.6842174), built on Sep 19 2020 01:11:42 by "builder" with MS VC++ 14.0 (VS2015)

END.
